<?xml version="1.0" encoding="UTF-8"?>
<!-- Generated by org.testng.reporters.JUnitXMLReporter -->
<testsuite hostname="DESKTOP-5989GJV" ignored="0" name="Login tests" tests="1" failures="1" timestamp="2020-06-01T11:56:36 EEST" time="6.348" errors="0">
  <testcase name="loginWithUsingCookie" time="2.824" classname="com.udemy.LoginTest">
    <failure type="java.lang.AssertionError" message="expected [Jacob] but found [Test Testson]">
      <![CDATA[java.lang.AssertionError: expected [Jacob] but found [Test Testson]
at com.udemy.LoginTest.loginWithUsingCookie(LoginTest.java:17)
at java.util.ArrayList.forEach(ArrayList.java:1257)
... Removed 36 stack frames]]>
    </failure>
  </testcase> <!-- loginWithUsingCookie -->
</testsuite> <!-- Login tests -->
