<?xml version="1.0" encoding="UTF-8"?>
<!-- Generated by org.testng.reporters.JUnitXMLReporter -->
<testsuite hostname="DESKTOP-5989GJV" ignored="0" name="Search Test" tests="1" failures="1" timestamp="2020-06-23T08:54:02 EEST" time="5.103" errors="0">
  <testcase name="Search" time="1.585" classname="com.udemy.SearchTest">
    <failure type="java.lang.AssertionError" message="expected [Search for anything] but found [Ищите что угодно]">
      <![CDATA[java.lang.AssertionError: expected [Search for anything] but found [Ищите что угодно]
at com.udemy.SearchTest.Search(SearchTest.java:12)
at java.util.ArrayList.forEach(ArrayList.java:1257)
... Removed 36 stack frames]]>
    </failure>
  </testcase> <!-- Search -->
</testsuite> <!-- Search Test -->
