<!DOCTYPE html PUBLIC "-//W3C//DTD XHTML 1.1//EN" "http://www.w3.org/TR/xhtml11/DTD/xhtml11.dtd">
<html xmlns="http://www.w3.org/1999/xhtml">
<head>
<meta http-equiv="content-type" content="text/html; charset=UTF-8"/>
<title>TestNG Report</title>
<style type="text/css">table {margin-bottom:10px;border-collapse:collapse;empty-cells:show}th,td {border:1px solid #009;padding:.25em .5em}th {vertical-align:bottom}td {vertical-align:top}table a {font-weight:bold}.stripe td {background-color: #E6EBF9}.num {text-align:right}.passedodd td {background-color: #3F3}.passedeven td {background-color: #0A0}.skippedodd td {background-color: #DDD}.skippedeven td {background-color: #CCC}.failedodd td,.attn {background-color: #F33}.failedeven td,.stripe .attn {background-color: #D00}.stacktrace {white-space:pre;font-family:monospace}.totop {font-size:85%;text-align:center;border-bottom:2px solid #000}.invisible {display:none}</style>
</head>
<body>
<table>
<tr><th>Test</th><th># Passed</th><th># Skipped</th><th># Retried</th><th># Failed</th><th>Time (ms)</th><th>Included Groups</th><th>Excluded Groups</th></tr>
<tr><th colspan="7">UdamyWeb</th></tr>
<tr><td><a href="#t0">Registration tests</a></td><td class="num">0</td><td class="num">0</td><td class="num">0</td><td class="num attn">1</td><td class="num">8 113</td><td></td><td></td></tr>
<tr class="stripe"><td><a href="#t1">Login tests</a></td><td class="num">0</td><td class="num">0</td><td class="num">0</td><td class="num attn">1</td><td class="num">5 563</td><td></td><td></td></tr>
<tr><td><a href="#t2">Categories Menu Test</a></td><td class="num">0</td><td class="num">0</td><td class="num">0</td><td class="num attn">1</td><td class="num">5 857</td><td></td><td></td></tr>
<tr class="stripe"><td><a href="#t3">Search Test</a></td><td class="num">0</td><td class="num">0</td><td class="num">0</td><td class="num">0</td><td class="num">0</td><td></td><td></td></tr>
<tr><td><a href="#t4">Check Business and Teach Links Test</a></td><td class="num">0</td><td class="num">0</td><td class="num">0</td><td class="num attn">1</td><td class="num">15 677</td><td></td><td></td></tr>
<tr><th>Total</th><th class="num">0</th><th class="num">0</th><th class="num">0</th><th class="num attn">4</th><th class="num">35 210</th><th colspan="2"></th></tr>
</table>
<table id='summary'><thead><tr><th>Class</th><th>Method</th><th>Start</th><th>Time (ms)</th></tr></thead><tbody><tr><th colspan="4">UdamyWeb</th></tr></tbody><tbody id="t0"><tr><th colspan="4">Registration tests &#8212; failed</th></tr><tr class="failedeven"><td rowspan="1">com.udemy.RegistrationTest</td><td><a href="#m0">registrationWithValidCredentials</a></td><td rowspan="1">1593498425965</td><td rowspan="1">3687</td></tr></tbody>
<tbody id="t1"><tr><th colspan="4">Login tests &#8212; failed</th></tr><tr class="failedeven"><td rowspan="1">com.udemy.LoginTest</td><td><a href="#m1">loginWithUsingCookie</a></td><td rowspan="1">1593498433436</td><td rowspan="1">2049</td></tr></tbody>
<tbody id="t2"><tr><th colspan="4">Categories Menu Test &#8212; failed</th></tr><tr class="failedeven"><td rowspan="1">com.udemy.CategoriesMenuTest</td><td><a href="#m2">checkMainCategories</a></td><td rowspan="1">1593498438999</td><td rowspan="1">2331</td></tr></tbody>
<tbody id="t3"><tr><th colspan="4" class="invisible"/></tr></tbody>
<tbody id="t4"><tr><th colspan="4">Check Business and Teach Links Test &#8212; failed</th></tr><tr class="failedeven"><td rowspan="1">com.udemy.CheckLinksTest</td><td><a href="#m3">checkLinks</a></td><td rowspan="1">1593498444865</td><td rowspan="1">12169</td></tr></tbody>
</table>
<h2>Registration tests</h2><h3 id="m0">com.udemy.RegistrationTest#registrationWithValidCredentials</h3><table class="result"><tr><th>Exception</th></tr><tr><td><div class="stacktrace">java.lang.AssertionError: expected [Sign Up and Start Learning!] but found [Зарегистрируйтесь и начните обучение!]
	at com.udemy.RegistrationTest.registrationWithValidCredentials(RegistrationTest.java:16)
	at java.util.ArrayList.forEach(ArrayList.java:1257)
... Removed 36 stack frames</div></td></tr></table><p class="totop"><a href="#summary">back to summary</a></p>
<h2>Login tests</h2><h3 id="m1">com.udemy.LoginTest#loginWithUsingCookie</h3><table class="result"><tr><th>Exception</th></tr><tr><td><div class="stacktrace">java.lang.AssertionError: expected [Log In] but found [Войти]
	at com.udemy.LoginTest.loginWithUsingCookie(LoginTest.java:10)
	at java.util.ArrayList.forEach(ArrayList.java:1257)
... Removed 36 stack frames</div></td></tr></table><p class="totop"><a href="#summary">back to summary</a></p>
<h2>Categories Menu Test</h2><h3 id="m2">com.udemy.CategoriesMenuTest#checkMainCategories</h3><table class="result"><tr><th>Exception</th></tr><tr><td><div class="stacktrace">java.lang.AssertionError: Lists differ at element [0]: Development != Разработка expected [Development] but found [Разработка]
	at com.udemy.CategoriesMenuTest.checkMainCategories(CategoriesMenuTest.java:15)
	at java.util.ArrayList.forEach(ArrayList.java:1257)
... Removed 35 stack frames</div></td></tr></table><p class="totop"><a href="#summary">back to summary</a></p>
<h2>Search Test</h2><h2>Check Business and Teach Links Test</h2><h3 id="m3">com.udemy.CheckLinksTest#checkLinks</h3><table class="result"><tr><th>Exception</th></tr><tr><td><div class="stacktrace">org.openqa.selenium.TimeoutException: Expected condition failed: waiting for visibility of element located by By.xpath: //*[@class=&apos;dropdown--ufb zero-state dropdown--open-on-hover dropdown&apos; or @class=&apos;header--gap-sm--2PR4A header--try-ufb--1kzro popover--popover--t3rNO popover--popover-hover--14ngr&apos;] (tried for 10 second(s) with 500 milliseconds interval)
	at org.openqa.selenium.support.ui.WebDriverWait.timeoutException(WebDriverWait.java:95)
	at org.openqa.selenium.support.ui.FluentWait.until(FluentWait.java:272)
	at com.udemy.pages.HomePage.clickBusinessLink(HomePage.java:102)
	at com.udemy.CheckLinksTest.checkLinks(CheckLinksTest.java:10)
	at java.util.ArrayList.forEach(ArrayList.java:1257)
Caused by: org.openqa.selenium.NoSuchElementException: no such element: Unable to locate element: {&quot;method&quot;:&quot;xpath&quot;,&quot;selector&quot;:&quot;//*[@class=&apos;dropdown--ufb zero-state dropdown--open-on-hover dropdown&apos; or @class=&apos;header--gap-sm--2PR4A header--try-ufb--1kzro popover--popover--t3rNO popover--popover-hover--14ngr&apos;]&quot;}
  (Session info: chrome=83.0.4103.116)
For documentation on this error, please visit: https://www.seleniumhq.org/exceptions/no_such_element.html
Build info: version: &apos;3.141.59&apos;, revision: &apos;e82be7d358&apos;, time: &apos;2018-11-14T08:17:03&apos;
System info: host: &apos;DESKTOP-5989GJV&apos;, ip: &apos;192.168.0.103&apos;, os.name: &apos;Windows 10&apos;, os.arch: &apos;amd64&apos;, os.version: &apos;10.0&apos;, java.version: &apos;1.8.0_241&apos;
Driver info: org.openqa.selenium.chrome.ChromeDriver
Capabilities {acceptInsecureCerts: false, browserName: chrome, browserVersion: 83.0.4103.116, chrome: {chromedriverVersion: 83.0.4103.39 (ccbf011cb2d2b..., userDataDir: C:\Users\SyfeR\AppData\Loca...}, goog:chromeOptions: {debuggerAddress: localhost:63948}, javascriptEnabled: true, networkConnectionEnabled: false, pageLoadStrategy: normal, platform: WINDOWS, platformName: WINDOWS, proxy: Proxy(), setWindowRect: true, strictFileInteractability: false, timeouts: {implicit: 0, pageLoad: 300000, script: 30000}, unhandledPromptBehavior: dismiss and notify, webauthn:virtualAuthenticators: true}
Session ID: e37ca30f2283efd0f45003aab4b2ce72
*** Element info: {Using=xpath, value=//*[@class=&apos;dropdown--ufb zero-state dropdown--open-on-hover dropdown&apos; or @class=&apos;header--gap-sm--2PR4A header--try-ufb--1kzro popover--popover--t3rNO popover--popover-hover--14ngr&apos;]}
	at org.openqa.selenium.remote.http.W3CHttpResponseCodec.createException(W3CHttpResponseCodec.java:187)
	at org.openqa.selenium.remote.http.W3CHttpResponseCodec.decode(W3CHttpResponseCodec.java:122)
	at org.openqa.selenium.remote.http.W3CHttpResponseCodec.decode(W3CHttpResponseCodec.java:49)
	at org.openqa.selenium.remote.HttpCommandExecutor.execute(HttpCommandExecutor.java:158)
	at org.openqa.selenium.remote.service.DriverCommandExecutor.execute(DriverCommandExecutor.java:83)
	at org.openqa.selenium.remote.RemoteWebDriver.execute(RemoteWebDriver.java:552)
	at org.openqa.selenium.remote.RemoteWebDriver.findElement(RemoteWebDriver.java:323)
	at org.openqa.selenium.remote.RemoteWebDriver.findElementByXPath(RemoteWebDriver.java:428)
	at org.openqa.selenium.By$ByXPath.findElement(By.java:353)
	at org.openqa.selenium.remote.RemoteWebDriver.findElement(RemoteWebDriver.java:315)
	at org.openqa.selenium.support.ui.ExpectedConditions$7.apply(ExpectedConditions.java:205)
	at org.openqa.selenium.support.ui.ExpectedConditions$7.apply(ExpectedConditions.java:201)
	at org.openqa.selenium.support.ui.FluentWait.until(FluentWait.java:249)
	... 34 more
... Removed 34 stack frames</div></td></tr></table><p class="totop"><a href="#summary">back to summary</a></p>
</body>
</html>
