<!DOCTYPE html>

<html>
  <head>
  <meta charset='utf-8'>
  <title>TestNG reports</title>

    <link type="text/css" href="testng-reports.css" rel="stylesheet" />
    <script type="text/javascript" src="jquery-1.7.1.min.js"></script>
    <script type="text/javascript" src="testng-reports.js"></script>
    <script type="text/javascript" src="https://www.google.com/jsapi"></script>
    <script type='text/javascript'>
      google.load('visualization', '1', {packages:['table']});
      google.setOnLoadCallback(drawTable);
      var suiteTableInitFunctions = new Array();
      var suiteTableData = new Array();
    </script>
    <!--
      <script type="text/javascript" src="jquery-ui/js/jquery-ui-1.8.16.custom.min.js"></script>
     -->
  </head>

  <body>
    <div class="top-banner-root">
      <span class="top-banner-title-font">Test results</span>
      <br/>
      <span class="top-banner-font-1">1 suite, 4 failed tests</span>
    </div> <!-- top-banner-root -->
    <div class="navigator-root">
      <div class="navigator-suite-header">
        <span>All suites</span>
        <a href="#" class="collapse-all-link" title="Collapse/expand all the suites">
          <img class="collapse-all-icon" src="collapseall.gif">
          </img> <!-- collapse-all-icon -->
        </a> <!-- collapse-all-link -->
      </div> <!-- navigator-suite-header -->
      <div class="suite">
        <div class="rounded-window">
          <div class="suite-header light-rounded-window-top">
            <a href="#" class="navigator-link" panel-name="suite-UdamyWeb">
              <span class="suite-name border-failed">UdamyWeb</span>
            </a> <!-- navigator-link -->
          </div> <!-- suite-header light-rounded-window-top -->
          <div class="navigator-suite-content">
            <div class="suite-section-title">
              <span>Info</span>
            </div> <!-- suite-section-title -->
            <div class="suite-section-content">
              <ul>
                <li>
                  <a href="#" class="navigator-link " panel-name="test-xml-UdamyWeb">
                    <span>D:\Install\com.udemy\src\test\java\resources\testng.xml</span>
                  </a> <!-- navigator-link  -->
                </li>
                <li>
                  <a href="#" class="navigator-link " panel-name="testlist-UdamyWeb">
                    <span class="test-stats">5 tests</span>
                  </a> <!-- navigator-link  -->
                </li>
                <li>
                  <a href="#" class="navigator-link " panel-name="group-UdamyWeb">
                    <span>0 groups</span>
                  </a> <!-- navigator-link  -->
                </li>
                <li>
                  <a href="#" class="navigator-link " panel-name="times-UdamyWeb">
                    <span>Times</span>
                  </a> <!-- navigator-link  -->
                </li>
                <li>
                  <a href="#" class="navigator-link " panel-name="reporter-UdamyWeb">
                    <span>Reporter output</span>
                  </a> <!-- navigator-link  -->
                </li>
                <li>
                  <a href="#" class="navigator-link " panel-name="ignored-methods-UdamyWeb">
                    <span>Ignored methods</span>
                  </a> <!-- navigator-link  -->
                </li>
                <li>
                  <a href="#" class="navigator-link " panel-name="chronological-UdamyWeb">
                    <span>Chronological view</span>
                  </a> <!-- navigator-link  -->
                </li>
              </ul>
            </div> <!-- suite-section-content -->
            <div class="result-section">
              <div class="suite-section-title">
                <span>Results</span>
              </div> <!-- suite-section-title -->
              <div class="suite-section-content">
                <ul>
                  <li>
                    <span class="method-stats">4 methods, 4 failed,   </span>
                  </li>
                  <li>
                    <span class="method-list-title failed">Failed methods</span>
                    <span class="show-or-hide-methods failed">
                      <a href="#" panel-name="suite-UdamyWeb" class="hide-methods failed suite-UdamyWeb"> (hide)</a> <!-- hide-methods failed suite-UdamyWeb -->
                      <a href="#" panel-name="suite-UdamyWeb" class="show-methods failed suite-UdamyWeb"> (show)</a> <!-- show-methods failed suite-UdamyWeb -->
                    </span>
                    <div class="method-list-content failed suite-UdamyWeb">
                      <span>
                        <img width="3%" src="failed.png"/>
                        <a href="#" class="method navigator-link" panel-name="suite-UdamyWeb" title="com.udemy.CheckLinksTest" hash-for-method="checkLinks">checkLinks</a> <!-- method navigator-link -->
                      </span>
                      <br/>
                      <span>
                        <img width="3%" src="failed.png"/>
                        <a href="#" class="method navigator-link" panel-name="suite-UdamyWeb" title="com.udemy.CategoriesMenuTest" hash-for-method="checkMainCategories">checkMainCategories</a> <!-- method navigator-link -->
                      </span>
                      <br/>
                      <span>
                        <img width="3%" src="failed.png"/>
                        <a href="#" class="method navigator-link" panel-name="suite-UdamyWeb" title="com.udemy.LoginTest" hash-for-method="loginWithUsingCookie">loginWithUsingCookie</a> <!-- method navigator-link -->
                      </span>
                      <br/>
                      <span>
                        <img width="3%" src="failed.png"/>
                        <a href="#" class="method navigator-link" panel-name="suite-UdamyWeb" title="com.udemy.RegistrationTest" hash-for-method="registrationWithValidCredentials">registrationWithValidCredentials</a> <!-- method navigator-link -->
                      </span>
                      <br/>
                    </div> <!-- method-list-content failed suite-UdamyWeb -->
                  </li>
                </ul>
              </div> <!-- suite-section-content -->
            </div> <!-- result-section -->
          </div> <!-- navigator-suite-content -->
        </div> <!-- rounded-window -->
      </div> <!-- suite -->
    </div> <!-- navigator-root -->
    <div class="wrapper">
      <div class="main-panel-root">
        <div panel-name="suite-UdamyWeb" class="panel UdamyWeb">
          <div class="suite-UdamyWeb-class-failed">
            <div class="main-panel-header rounded-window-top">
              <img src="failed.png"/>
              <span class="class-name">com.udemy.CheckLinksTest</span>
            </div> <!-- main-panel-header rounded-window-top -->
            <div class="main-panel-content rounded-window-bottom">
              <div class="method">
                <div class="method-content">
                  <a name="checkLinks">
                  </a> <!-- checkLinks -->
                  <span class="method-name">checkLinks</span>
                  <div class="stack-trace">org.openqa.selenium.TimeoutException: Expected condition failed: waiting for visibility of element located by By.xpath: //*[@class=&apos;dropdown--ufb zero-state dropdown--open-on-hover dropdown&apos; or @class=&apos;header--gap-sm--2PR4A header--try-ufb--1kzro popover--popover--t3rNO popover--popover-hover--14ngr&apos;] (tried for 10 second(s) with 500 milliseconds interval)
	at org.openqa.selenium.support.ui.WebDriverWait.timeoutException(WebDriverWait.java:95)
	at org.openqa.selenium.support.ui.FluentWait.until(FluentWait.java:272)
	at com.udemy.pages.HomePage.clickBusinessLink(HomePage.java:102)
	at com.udemy.CheckLinksTest.checkLinks(CheckLinksTest.java:10)
	at java.util.ArrayList.forEach(ArrayList.java:1257)
Caused by: org.openqa.selenium.NoSuchElementException: no such element: Unable to locate element: {&quot;method&quot;:&quot;xpath&quot;,&quot;selector&quot;:&quot;//*[@class=&apos;dropdown--ufb zero-state dropdown--open-on-hover dropdown&apos; or @class=&apos;header--gap-sm--2PR4A header--try-ufb--1kzro popover--popover--t3rNO popover--popover-hover--14ngr&apos;]&quot;}
  (Session info: chrome=83.0.4103.116)
For documentation on this error, please visit: https://www.seleniumhq.org/exceptions/no_such_element.html
Build info: version: &apos;3.141.59&apos;, revision: &apos;e82be7d358&apos;, time: &apos;2018-11-14T08:17:03&apos;
System info: host: &apos;DESKTOP-5989GJV&apos;, ip: &apos;192.168.0.103&apos;, os.name: &apos;Windows 10&apos;, os.arch: &apos;amd64&apos;, os.version: &apos;10.0&apos;, java.version: &apos;1.8.0_241&apos;
Driver info: org.openqa.selenium.chrome.ChromeDriver
Capabilities {acceptInsecureCerts: false, browserName: chrome, browserVersion: 83.0.4103.116, chrome: {chromedriverVersion: 83.0.4103.39 (ccbf011cb2d2b..., userDataDir: C:\Users\SyfeR\AppData\Loca...}, goog:chromeOptions: {debuggerAddress: localhost:63948}, javascriptEnabled: true, networkConnectionEnabled: false, pageLoadStrategy: normal, platform: WINDOWS, platformName: WINDOWS, proxy: Proxy(), setWindowRect: true, strictFileInteractability: false, timeouts: {implicit: 0, pageLoad: 300000, script: 30000}, unhandledPromptBehavior: dismiss and notify, webauthn:virtualAuthenticators: true}
Session ID: e37ca30f2283efd0f45003aab4b2ce72
*** Element info: {Using=xpath, value=//*[@class=&apos;dropdown--ufb zero-state dropdown--open-on-hover dropdown&apos; or @class=&apos;header--gap-sm--2PR4A header--try-ufb--1kzro popover--popover--t3rNO popover--popover-hover--14ngr&apos;]}
	at org.openqa.selenium.remote.http.W3CHttpResponseCodec.createException(W3CHttpResponseCodec.java:187)
	at org.openqa.selenium.remote.http.W3CHttpResponseCodec.decode(W3CHttpResponseCodec.java:122)
	at org.openqa.selenium.remote.http.W3CHttpResponseCodec.decode(W3CHttpResponseCodec.java:49)
	at org.openqa.selenium.remote.HttpCommandExecutor.execute(HttpCommandExecutor.java:158)
	at org.openqa.selenium.remote.service.DriverCommandExecutor.execute(DriverCommandExecutor.java:83)
	at org.openqa.selenium.remote.RemoteWebDriver.execute(RemoteWebDriver.java:552)
	at org.openqa.selenium.remote.RemoteWebDriver.findElement(RemoteWebDriver.java:323)
	at org.openqa.selenium.remote.RemoteWebDriver.findElementByXPath(RemoteWebDriver.java:428)
	at org.openqa.selenium.By$ByXPath.findElement(By.java:353)
	at org.openqa.selenium.remote.RemoteWebDriver.findElement(RemoteWebDriver.java:315)
	at org.openqa.selenium.support.ui.ExpectedConditions$7.apply(ExpectedConditions.java:205)
	at org.openqa.selenium.support.ui.ExpectedConditions$7.apply(ExpectedConditions.java:201)
	at org.openqa.selenium.support.ui.FluentWait.until(FluentWait.java:249)
	... 34 more
... Removed 34 stack frames
</div> <!-- stack-trace -->
                  <em>
(Check Business and Teach Links)                  </em>
                </div> <!-- method-content -->
              </div> <!-- method -->
            </div> <!-- main-panel-content rounded-window-bottom -->
          </div> <!-- suite-UdamyWeb-class-failed -->
          <div class="suite-UdamyWeb-class-failed">
            <div class="main-panel-header rounded-window-top">
              <img src="failed.png"/>
              <span class="class-name">com.udemy.LoginTest</span>
            </div> <!-- main-panel-header rounded-window-top -->
            <div class="main-panel-content rounded-window-bottom">
              <div class="method">
                <div class="method-content">
                  <a name="loginWithUsingCookie">
                  </a> <!-- loginWithUsingCookie -->
                  <span class="method-name">loginWithUsingCookie</span>
                  <div class="stack-trace">java.lang.AssertionError: expected [Log In] but found [Войти]
	at com.udemy.LoginTest.loginWithUsingCookie(LoginTest.java:10)
	at java.util.ArrayList.forEach(ArrayList.java:1257)
... Removed 36 stack frames
</div> <!-- stack-trace -->
                  <em>
(Login Test)                  </em>
                </div> <!-- method-content -->
              </div> <!-- method -->
            </div> <!-- main-panel-content rounded-window-bottom -->
          </div> <!-- suite-UdamyWeb-class-failed -->
          <div class="suite-UdamyWeb-class-failed">
            <div class="main-panel-header rounded-window-top">
              <img src="failed.png"/>
              <span class="class-name">com.udemy.CategoriesMenuTest</span>
            </div> <!-- main-panel-header rounded-window-top -->
            <div class="main-panel-content rounded-window-bottom">
              <div class="method">
                <div class="method-content">
                  <a name="checkMainCategories">
                  </a> <!-- checkMainCategories -->
                  <span class="method-name">checkMainCategories</span>
                  <div class="stack-trace">java.lang.AssertionError: Lists differ at element [0]: Development != Разработка expected [Development] but found [Разработка]
	at com.udemy.CategoriesMenuTest.checkMainCategories(CategoriesMenuTest.java:15)
	at java.util.ArrayList.forEach(ArrayList.java:1257)
... Removed 35 stack frames
</div> <!-- stack-trace -->
                  <em>
(Testing of categories in the "Categories" menu)                  </em>
                </div> <!-- method-content -->
              </div> <!-- method -->
            </div> <!-- main-panel-content rounded-window-bottom -->
          </div> <!-- suite-UdamyWeb-class-failed -->
          <div class="suite-UdamyWeb-class-failed">
            <div class="main-panel-header rounded-window-top">
              <img src="failed.png"/>
              <span class="class-name">com.udemy.RegistrationTest</span>
            </div> <!-- main-panel-header rounded-window-top -->
            <div class="main-panel-content rounded-window-bottom">
              <div class="method">
                <div class="method-content">
                  <a name="registrationWithValidCredentials">
                  </a> <!-- registrationWithValidCredentials -->
                  <span class="method-name">registrationWithValidCredentials</span>
                  <div class="stack-trace">java.lang.AssertionError: expected [Sign Up and Start Learning!] but found [Зарегистрируйтесь и начните обучение!]
	at com.udemy.RegistrationTest.registrationWithValidCredentials(RegistrationTest.java:16)
	at java.util.ArrayList.forEach(ArrayList.java:1257)
... Removed 36 stack frames
</div> <!-- stack-trace -->
                  <em>
(Registration with valid credential)                  </em>
                </div> <!-- method-content -->
              </div> <!-- method -->
            </div> <!-- main-panel-content rounded-window-bottom -->
          </div> <!-- suite-UdamyWeb-class-failed -->
        </div> <!-- panel UdamyWeb -->
        <div panel-name="test-xml-UdamyWeb" class="panel">
          <div class="main-panel-header rounded-window-top">
            <span class="header-content">D:\Install\com.udemy\src\test\java\resources\testng.xml</span>
          </div> <!-- main-panel-header rounded-window-top -->
          <div class="main-panel-content rounded-window-bottom">
            <pre>
&lt;?xml version=&quot;1.0&quot; encoding=&quot;UTF-8&quot;?&gt;
&lt;!DOCTYPE suite SYSTEM &quot;https://testng.org/testng-1.0.dtd&quot;&gt;
&lt;suite guice-stage=&quot;DEVELOPMENT&quot; verbose=&quot;0&quot; name=&quot;UdamyWeb&quot;&gt;
  &lt;test thread-count=&quot;5&quot; verbose=&quot;0&quot; name=&quot;Registration tests&quot;&gt;
    &lt;classes&gt;
      &lt;class name=&quot;com.udemy.RegistrationTest&quot;&gt;
        &lt;methods&gt;
          &lt;include name=&quot;registrationWithValidCredentials&quot;/&gt;
        &lt;/methods&gt;
      &lt;/class&gt; &lt;!-- com.udemy.RegistrationTest --&gt;
    &lt;/classes&gt;
  &lt;/test&gt; &lt;!-- Registration tests --&gt;
  &lt;test thread-count=&quot;5&quot; verbose=&quot;0&quot; name=&quot;Login tests&quot;&gt;
    &lt;classes&gt;
      &lt;class name=&quot;com.udemy.LoginTest&quot;&gt;
        &lt;methods&gt;
          &lt;include name=&quot;loginWithUsingCookie&quot;/&gt;
        &lt;/methods&gt;
      &lt;/class&gt; &lt;!-- com.udemy.LoginTest --&gt;
    &lt;/classes&gt;
  &lt;/test&gt; &lt;!-- Login tests --&gt;
  &lt;test thread-count=&quot;5&quot; verbose=&quot;0&quot; name=&quot;Categories Menu Test&quot;&gt;
    &lt;classes&gt;
      &lt;class name=&quot;com.udemy.CategoriesMenuTest&quot;&gt;
        &lt;methods&gt;
          &lt;include name=&quot;checkMainCategories&quot;/&gt;
        &lt;/methods&gt;
      &lt;/class&gt; &lt;!-- com.udemy.CategoriesMenuTest --&gt;
    &lt;/classes&gt;
  &lt;/test&gt; &lt;!-- Categories Menu Test --&gt;
  &lt;test thread-count=&quot;5&quot; verbose=&quot;0&quot; name=&quot;Search Test&quot;&gt;
    &lt;classes&gt;
      &lt;class name=&quot;com.udemy.SearchTest&quot;&gt;
        &lt;methods&gt;
          &lt;include name=&quot;searchSome&quot;/&gt;
        &lt;/methods&gt;
      &lt;/class&gt; &lt;!-- com.udemy.SearchTest --&gt;
    &lt;/classes&gt;
  &lt;/test&gt; &lt;!-- Search Test --&gt;
  &lt;test thread-count=&quot;5&quot; verbose=&quot;0&quot; name=&quot;Check Business and Teach Links Test&quot;&gt;
    &lt;classes&gt;
      &lt;class name=&quot;com.udemy.CheckLinksTest&quot;&gt;
        &lt;methods&gt;
          &lt;include name=&quot;checkLinks&quot;/&gt;
        &lt;/methods&gt;
      &lt;/class&gt; &lt;!-- com.udemy.CheckLinksTest --&gt;
    &lt;/classes&gt;
  &lt;/test&gt; &lt;!-- Check Business and Teach Links Test --&gt;
&lt;/suite&gt; &lt;!-- UdamyWeb --&gt;
            </pre>
          </div> <!-- main-panel-content rounded-window-bottom -->
        </div> <!-- panel -->
        <div panel-name="testlist-UdamyWeb" class="panel">
          <div class="main-panel-header rounded-window-top">
            <span class="header-content">Tests for UdamyWeb</span>
          </div> <!-- main-panel-header rounded-window-top -->
          <div class="main-panel-content rounded-window-bottom">
            <ul>
              <li>
                <span class="test-name">Registration tests (1 class)</span>
              </li>
              <li>
                <span class="test-name">Login tests (1 class)</span>
              </li>
              <li>
                <span class="test-name">Categories Menu Test (1 class)</span>
              </li>
              <li>
                <span class="test-name">Search Test (1 class)</span>
              </li>
              <li>
                <span class="test-name">Check Business and Teach Links Test (1 class)</span>
              </li>
            </ul>
          </div> <!-- main-panel-content rounded-window-bottom -->
        </div> <!-- panel -->
        <div panel-name="group-UdamyWeb" class="panel">
          <div class="main-panel-header rounded-window-top">
            <span class="header-content">Groups for UdamyWeb</span>
          </div> <!-- main-panel-header rounded-window-top -->
          <div class="main-panel-content rounded-window-bottom">
          </div> <!-- main-panel-content rounded-window-bottom -->
        </div> <!-- panel -->
        <div panel-name="times-UdamyWeb" class="panel">
          <div class="main-panel-header rounded-window-top">
            <span class="header-content">Times for UdamyWeb</span>
          </div> <!-- main-panel-header rounded-window-top -->
          <div class="main-panel-content rounded-window-bottom">
            <div class="times-div">
              <script type="text/javascript">
suiteTableInitFunctions.push('tableData_UdamyWeb');
function tableData_UdamyWeb() {
var data = new google.visualization.DataTable();
data.addColumn('number', 'Number');
data.addColumn('string', 'Method');
data.addColumn('string', 'Class');
data.addColumn('number', 'Time (ms)');
data.addRows(4);
data.setCell(0, 0, 0)
data.setCell(0, 1, 'checkLinks')
data.setCell(0, 2, 'com.udemy.CheckLinksTest')
data.setCell(0, 3, 12169);
data.setCell(1, 0, 1)
data.setCell(1, 1, 'registrationWithValidCredentials')
data.setCell(1, 2, 'com.udemy.RegistrationTest')
data.setCell(1, 3, 3687);
data.setCell(2, 0, 2)
data.setCell(2, 1, 'checkMainCategories')
data.setCell(2, 2, 'com.udemy.CategoriesMenuTest')
data.setCell(2, 3, 2331);
data.setCell(3, 0, 3)
data.setCell(3, 1, 'loginWithUsingCookie')
data.setCell(3, 2, 'com.udemy.LoginTest')
data.setCell(3, 3, 2049);
window.suiteTableData['UdamyWeb']= { tableData: data, tableDiv: 'times-div-UdamyWeb'}
return data;
}
              </script>
              <span class="suite-total-time">Total running time: 20 seconds</span>
              <div id="times-div-UdamyWeb">
              </div> <!-- times-div-UdamyWeb -->
            </div> <!-- times-div -->
          </div> <!-- main-panel-content rounded-window-bottom -->
        </div> <!-- panel -->
        <div panel-name="reporter-UdamyWeb" class="panel">
          <div class="main-panel-header rounded-window-top">
            <span class="header-content">Reporter output for UdamyWeb</span>
          </div> <!-- main-panel-header rounded-window-top -->
          <div class="main-panel-content rounded-window-bottom">
          </div> <!-- main-panel-content rounded-window-bottom -->
        </div> <!-- panel -->
        <div panel-name="ignored-methods-UdamyWeb" class="panel">
          <div class="main-panel-header rounded-window-top">
            <span class="header-content">1 ignored method</span>
          </div> <!-- main-panel-header rounded-window-top -->
          <div class="main-panel-content rounded-window-bottom">
            <div class="ignored-class-div">
              <span class="ignored-class-name">com.udemy.SearchTest</span>
              <div class="ignored-methods-div">
                <span class="ignored-method-name">Search</span>
                <br/>
              </div> <!-- ignored-methods-div -->
            </div> <!-- ignored-class-div -->
          </div> <!-- main-panel-content rounded-window-bottom -->
        </div> <!-- panel -->
        <div panel-name="chronological-UdamyWeb" class="panel">
          <div class="main-panel-header rounded-window-top">
            <span class="header-content">Methods in chronological order</span>
          </div> <!-- main-panel-header rounded-window-top -->
          <div class="main-panel-content rounded-window-bottom">
            <div class="chronological-class">
              <div class="chronological-class-name">com.udemy.RegistrationTest</div> <!-- chronological-class-name -->
              <div class="configuration-method before">
                <span class="method-name">openBrowser</span>
                <span class="method-start">0 ms</span>
              </div> <!-- configuration-method before -->
              <div class="test-method">
                <img src="failed.png">
                </img>
                <span class="method-name">registrationWithValidCredentials</span>
                <span class="method-start">3601 ms</span>
              </div> <!-- test-method -->
              <div class="configuration-method after">
                <span class="method-name">closeBrowser</span>
                <span class="method-start">7292 ms</span>
              </div> <!-- configuration-method after -->
            </div> <!-- chronological-class -->
            <div class="chronological-class">
              <div class="chronological-class-name">com.udemy.LoginTest</div> <!-- chronological-class-name -->
              <div class="configuration-method before">
                <span class="method-name">openBrowser</span>
                <span class="method-start">8118 ms</span>
              </div> <!-- configuration-method before -->
              <div class="test-method">
                <img src="failed.png">
                </img>
                <span class="method-name">loginWithUsingCookie</span>
                <span class="method-start">11072 ms</span>
              </div> <!-- test-method -->
              <div class="configuration-method after">
                <span class="method-name">closeBrowser</span>
                <span class="method-start">13121 ms</span>
              </div> <!-- configuration-method after -->
            </div> <!-- chronological-class -->
            <div class="chronological-class">
              <div class="chronological-class-name">com.udemy.CategoriesMenuTest</div> <!-- chronological-class-name -->
              <div class="configuration-method before">
                <span class="method-name">openBrowser</span>
                <span class="method-start">13691 ms</span>
              </div> <!-- configuration-method before -->
              <div class="test-method">
                <img src="failed.png">
                </img>
                <span class="method-name">checkMainCategories</span>
                <span class="method-start">16635 ms</span>
              </div> <!-- test-method -->
              <div class="configuration-method after">
                <span class="method-name">closeBrowser</span>
                <span class="method-start">18966 ms</span>
              </div> <!-- configuration-method after -->
            </div> <!-- chronological-class -->
            <div class="chronological-class">
              <div class="chronological-class-name">com.udemy.CheckLinksTest</div> <!-- chronological-class-name -->
              <div class="configuration-method before">
                <span class="method-name">openBrowser</span>
                <span class="method-start">19561 ms</span>
              </div> <!-- configuration-method before -->
              <div class="test-method">
                <img src="failed.png">
                </img>
                <span class="method-name">checkLinks</span>
                <span class="method-start">22501 ms</span>
              </div> <!-- test-method -->
              <div class="configuration-method after">
                <span class="method-name">closeBrowser</span>
                <span class="method-start">34671 ms</span>
              </div> <!-- configuration-method after -->
          </div> <!-- main-panel-content rounded-window-bottom -->
        </div> <!-- panel -->
      </div> <!-- main-panel-root -->
    </div> <!-- wrapper -->
  </body>
</html>
